Arguments: 
  /usr/bin/node /usr/bin/yarn

PATH: 
  /home/amirabbas/.gem/ruby/2.7.0/bin:/home/amirabbas/.gem/ruby/2.7.0/bin:/usr/local/sbin:/usr/local/bin:/usr/bin:/usr/lib/jvm/default/bin:/usr/bin/site_perl:/usr/bin/vendor_perl:/usr/bin/core_perl:/usr/lib/jvm/default/bin

Yarn version: 
  1.22.10

Node version: 
  15.3.0

Platform: 
  linux x64

Trace: 
  Error: getaddrinfo EAI_AGAIN registry.yarnpkg.com
      at GetAddrInfoReqWrap.onlookup [as oncomplete] (node:dns:67:26)

npm manifest: 
  {
    "name": "admin",
    "version": "0.1.0",
    "private": true,
    "dependencies": {
      "@fortawesome/fontawesome-svg-core": "^1.2.26",
      "@fortawesome/free-solid-svg-icons": "^5.12.0",
      "@fortawesome/react-fontawesome": "^0.1.8",
      "@testing-library/jest-dom": "^4.2.4",
      "@testing-library/react": "^9.4.0",
      "@testing-library/user-event": "^7.2.1",
      "animated-scroll-to": "^2.0.5",
      "bootstrap": "^4.4.1",
      "chart.js": "^2.9.3",
      "font-awesome": "^4.7.0",
      "react": "^16.12.0",
      "react-chartjs-2": "^2.9.0",
      "react-dom": "^16.12.0",
      "react-redux": "^7.1.3",
      "react-router": "^5.1.2",
      "react-router-dom": "^5.1.2",
      "react-scripts": "3.3.0",
      "redux": "^4.0.5"
    },
    "scripts": {
      "start": "react-scripts start",
      "build": "react-scripts build",
      "test": "react-scripts test",
      "eject": "react-scripts eject"
    },
    "eslintConfig": {
      "extends": "react-app"
    },
    "browserslist": {
      "production": [
        ">0.2%",
        "not dead",
        "not op_mini all"
      ],
      "development": [
        "last 1 chrome version",
        "last 1 firefox version",
        "last 1 safari version"
      ]
    }
  }

yarn manifest: 
  No manifest

Lockfile: 
  No lockfile
